{"/Users/faisal/Desktop/FP/hobbit/client/js/auth.js": {"path":"/Users/faisal/Desktop/FP/hobbit/client/js/auth.js","statementMap":{"0":{"start":{"line":1,"column":19},"end":{"line":1,"column":40}},"1":{"start":{"line":2,"column":26},"end":{"line":2,"column":47}},"2":{"start":{"line":5,"column":4},"end":{"line":5,"column":23}},"3":{"start":{"line":7,"column":4},"end":{"line":20,"column":5}},"4":{"start":{"line":8,"column":23},"end":{"line":8,"column":45}},"5":{"start":{"line":9,"column":24},"end":{"line":13,"column":9}},"6":{"start":{"line":14,"column":18},"end":{"line":14,"column":74}},"7":{"start":{"line":15,"column":21},"end":{"line":15,"column":35}},"8":{"start":{"line":16,"column":8},"end":{"line":16,"column":71}},"9":{"start":{"line":16,"column":29},"end":{"line":16,"column":69}},"10":{"start":{"line":17,"column":8},"end":{"line":17,"column":26}},"11":{"start":{"line":19,"column":8},"end":{"line":19,"column":26}},"12":{"start":{"line":24,"column":4},"end":{"line":24,"column":23}},"13":{"start":{"line":25,"column":4},"end":{"line":38,"column":5}},"14":{"start":{"line":26,"column":23},"end":{"line":26,"column":45}},"15":{"start":{"line":27,"column":24},"end":{"line":31,"column":9}},"16":{"start":{"line":32,"column":18},"end":{"line":32,"column":77}},"17":{"start":{"line":33,"column":21},"end":{"line":33,"column":35}},"18":{"start":{"line":34,"column":8},"end":{"line":34,"column":46}},"19":{"start":{"line":34,"column":23},"end":{"line":34,"column":44}},"20":{"start":{"line":35,"column":8},"end":{"line":35,"column":24}},"21":{"start":{"line":37,"column":8},"end":{"line":37,"column":26}},"22":{"start":{"line":42,"column":17},"end":{"line":42,"column":34}},"23":{"start":{"line":43,"column":4},"end":{"line":43,"column":41}},"24":{"start":{"line":44,"column":4},"end":{"line":44,"column":40}},"25":{"start":{"line":45,"column":4},"end":{"line":45,"column":52}},"26":{"start":{"line":47,"column":20},"end":{"line":47,"column":54}},"27":{"start":{"line":48,"column":4},"end":{"line":48,"column":36}},"28":{"start":{"line":49,"column":18},"end":{"line":49,"column":55}},"29":{"start":{"line":50,"column":4},"end":{"line":50,"column":25}},"30":{"start":{"line":51,"column":4},"end":{"line":51,"column":60}},"31":{"start":{"line":53,"column":4},"end":{"line":53,"column":20}},"32":{"start":{"line":57,"column":4},"end":{"line":57,"column":25}},"33":{"start":{"line":61,"column":21},"end":{"line":61,"column":53}},"34":{"start":{"line":62,"column":4},"end":{"line":62,"column":20}},"35":{"start":{"line":65,"column":0},"end":{"line":65,"column":80}}},"fnMap":{"0":{"name":"requestLogin","decl":{"start":{"line":4,"column":15},"end":{"line":4,"column":27}},"loc":{"start":{"line":4,"column":30},"end":{"line":21,"column":1}},"line":4},"1":{"name":"requestRegistration","decl":{"start":{"line":23,"column":15},"end":{"line":23,"column":34}},"loc":{"start":{"line":23,"column":38},"end":{"line":39,"column":1}},"line":23},"2":{"name":"login","decl":{"start":{"line":41,"column":9},"end":{"line":41,"column":14}},"loc":{"start":{"line":41,"column":21},"end":{"line":54,"column":1}},"line":41},"3":{"name":"logout","decl":{"start":{"line":56,"column":9},"end":{"line":56,"column":15}},"loc":{"start":{"line":56,"column":17},"end":{"line":58,"column":1}},"line":56},"4":{"name":"currentUser","decl":{"start":{"line":60,"column":9},"end":{"line":60,"column":20}},"loc":{"start":{"line":60,"column":22},"end":{"line":63,"column":1}},"line":60}},"branchMap":{"0":{"loc":{"start":{"line":16,"column":8},"end":{"line":16,"column":71}},"type":"if","locations":[{"start":{"line":16,"column":8},"end":{"line":16,"column":71}},{"start":{"line":16,"column":8},"end":{"line":16,"column":71}}],"line":16},"1":{"loc":{"start":{"line":34,"column":8},"end":{"line":34,"column":46}},"type":"if","locations":[{"start":{"line":34,"column":8},"end":{"line":34,"column":46}},{"start":{"line":34,"column":8},"end":{"line":34,"column":46}}],"line":34}},"s":{"0":1,"1":1,"2":3,"3":3,"4":3,"5":3,"6":3,"7":2,"8":1,"9":0,"10":1,"11":3,"12":2,"13":2,"14":2,"15":2,"16":2,"17":1,"18":1,"19":0,"20":1,"21":1,"22":1,"23":0,"24":0,"25":0,"26":0,"27":0,"28":0,"29":0,"30":0,"31":0,"32":1,"33":1,"34":1,"35":1},"f":{"0":3,"1":2,"2":1,"3":1,"4":1},"b":{"0":[0,1],"1":[0,1]},"_coverageSchema":"1a1c01bbd47fc00a2c39e90264f33305004495a9","hash":"44c06d0bab016d75f676b4f526e0efb20420a46d"}
,"/Users/faisal/Desktop/FP/hobbit/client/js/habits.js": {"path":"/Users/faisal/Desktop/FP/hobbit/client/js/habits.js","statementMap":{"0":{"start":{"line":1,"column":45},"end":{"line":1,"column":66}},"1":{"start":{"line":4,"column":15},"end":{"line":4,"column":53}},"2":{"start":{"line":5,"column":17},"end":{"line":5,"column":46}},"3":{"start":{"line":6,"column":19},"end":{"line":15,"column":4}},"4":{"start":{"line":17,"column":20},"end":{"line":60,"column":3}},"5":{"start":{"line":18,"column":18},"end":{"line":18,"column":47}},"6":{"start":{"line":19,"column":4},"end":{"line":19,"column":28}},"7":{"start":{"line":20,"column":4},"end":{"line":20,"column":37}},"8":{"start":{"line":21,"column":17},"end":{"line":21,"column":45}},"9":{"start":{"line":22,"column":4},"end":{"line":22,"column":38}},"10":{"start":{"line":23,"column":17},"end":{"line":23,"column":44}},"11":{"start":{"line":24,"column":4},"end":{"line":24,"column":38}},"12":{"start":{"line":25,"column":17},"end":{"line":25,"column":44}},"13":{"start":{"line":26,"column":4},"end":{"line":26,"column":59}},"14":{"start":{"line":27,"column":18},"end":{"line":27,"column":45}},"15":{"start":{"line":28,"column":4},"end":{"line":28,"column":38}},"16":{"start":{"line":29,"column":4},"end":{"line":29,"column":47}},"17":{"start":{"line":30,"column":22},"end":{"line":30,"column":49}},"18":{"start":{"line":31,"column":4},"end":{"line":31,"column":51}},"19":{"start":{"line":32,"column":20},"end":{"line":32,"column":47}},"20":{"start":{"line":33,"column":4},"end":{"line":33,"column":47}},"21":{"start":{"line":34,"column":26},"end":{"line":34,"column":57}},"22":{"start":{"line":35,"column":4},"end":{"line":35,"column":49}},"23":{"start":{"line":36,"column":21},"end":{"line":36,"column":52}},"24":{"start":{"line":38,"column":25},"end":{"line":38,"column":35}},"25":{"start":{"line":39,"column":21},"end":{"line":39,"column":56}},"26":{"start":{"line":40,"column":4},"end":{"line":40,"column":31}},"27":{"start":{"line":41,"column":4},"end":{"line":41,"column":45}},"28":{"start":{"line":42,"column":4},"end":{"line":42,"column":47}},"29":{"start":{"line":43,"column":4},"end":{"line":47,"column":5}},"30":{"start":{"line":44,"column":6},"end":{"line":44,"column":31}},"31":{"start":{"line":46,"column":6},"end":{"line":46,"column":32}},"32":{"start":{"line":49,"column":4},"end":{"line":49,"column":58}},"33":{"start":{"line":51,"column":4},"end":{"line":51,"column":28}},"34":{"start":{"line":52,"column":4},"end":{"line":52,"column":28}},"35":{"start":{"line":53,"column":4},"end":{"line":53,"column":28}},"36":{"start":{"line":54,"column":4},"end":{"line":54,"column":29}},"37":{"start":{"line":55,"column":4},"end":{"line":55,"column":33}},"38":{"start":{"line":56,"column":4},"end":{"line":56,"column":31}},"39":{"start":{"line":57,"column":4},"end":{"line":57,"column":32}},"40":{"start":{"line":59,"column":4},"end":{"line":59,"column":30}},"41":{"start":{"line":62,"column":2},"end":{"line":62,"column":26}},"42":{"start":{"line":63,"column":2},"end":{"line":63,"column":27}},"43":{"start":{"line":68,"column":2},"end":{"line":68,"column":20}},"44":{"start":{"line":69,"column":11},"end":{"line":69,"column":37}},"45":{"start":{"line":70,"column":14},"end":{"line":70,"column":31}},"46":{"start":{"line":71,"column":2},"end":{"line":71,"column":21}},"47":{"start":{"line":72,"column":2},"end":{"line":72,"column":33}},"48":{"start":{"line":73,"column":2},"end":{"line":73,"column":23}},"49":{"start":{"line":74,"column":19},"end":{"line":74,"column":65}},"50":{"start":{"line":75,"column":2},"end":{"line":75,"column":29}},"51":{"start":{"line":76,"column":19},"end":{"line":76,"column":62}},"52":{"start":{"line":77,"column":2},"end":{"line":77,"column":33}},"53":{"start":{"line":80,"column":0},"end":{"line":80,"column":46}}},"fnMap":{"0":{"name":"renderHabits","decl":{"start":{"line":3,"column":15},"end":{"line":3,"column":27}},"loc":{"start":{"line":3,"column":34},"end":{"line":64,"column":1}},"line":3},"1":{"name":"(anonymous_1)","decl":{"start":{"line":17,"column":20},"end":{"line":17,"column":21}},"loc":{"start":{"line":17,"column":35},"end":{"line":60,"column":3}},"line":17},"2":{"name":"updateStreak","decl":{"start":{"line":67,"column":15},"end":{"line":67,"column":27}},"loc":{"start":{"line":67,"column":34},"end":{"line":78,"column":1}},"line":67}},"branchMap":{"0":{"loc":{"start":{"line":43,"column":4},"end":{"line":47,"column":5}},"type":"if","locations":[{"start":{"line":43,"column":4},"end":{"line":47,"column":5}},{"start":{"line":43,"column":4},"end":{"line":47,"column":5}}],"line":43},"1":{"loc":{"start":{"line":43,"column":7},"end":{"line":43,"column":42}},"type":"binary-expr","locations":[{"start":{"line":43,"column":7},"end":{"line":43,"column":15}},{"start":{"line":43,"column":19},"end":{"line":43,"column":42}}],"line":43}},"s":{"0":1,"1":0,"2":0,"3":0,"4":0,"5":0,"6":0,"7":0,"8":0,"9":0,"10":0,"11":0,"12":0,"13":0,"14":0,"15":0,"16":0,"17":0,"18":0,"19":0,"20":0,"21":0,"22":0,"23":0,"24":0,"25":0,"26":0,"27":0,"28":0,"29":0,"30":0,"31":0,"32":0,"33":0,"34":0,"35":0,"36":0,"37":0,"38":0,"39":0,"40":0,"41":0,"42":0,"43":0,"44":0,"45":0,"46":0,"47":0,"48":0,"49":0,"50":0,"51":0,"52":0,"53":1},"f":{"0":0,"1":0,"2":0},"b":{"0":[0,0],"1":[0,0]},"_coverageSchema":"1a1c01bbd47fc00a2c39e90264f33305004495a9","hash":"77403a290d3f1d01f72377df620e7edcdc275b5e"}
,"/Users/faisal/Desktop/FP/hobbit/client/js/requests.js": {"path":"/Users/faisal/Desktop/FP/hobbit/client/js/requests.js","statementMap":{"0":{"start":{"line":1,"column":40},"end":{"line":1,"column":59}},"1":{"start":{"line":4,"column":4},"end":{"line":4,"column":23}},"2":{"start":{"line":5,"column":4},"end":{"line":20,"column":5}},"3":{"start":{"line":6,"column":23},"end":{"line":6,"column":45}},"4":{"start":{"line":7,"column":21},"end":{"line":7,"column":47}},"5":{"start":{"line":8,"column":8},"end":{"line":8,"column":38}},"6":{"start":{"line":9,"column":24},"end":{"line":13,"column":9}},"7":{"start":{"line":14,"column":18},"end":{"line":14,"column":70}},"8":{"start":{"line":15,"column":21},"end":{"line":15,"column":35}},"9":{"start":{"line":16,"column":8},"end":{"line":16,"column":46}},"10":{"start":{"line":16,"column":23},"end":{"line":16,"column":44}},"11":{"start":{"line":17,"column":8},"end":{"line":17,"column":29}},"12":{"start":{"line":19,"column":8},"end":{"line":19,"column":26}},"13":{"start":{"line":25,"column":4},"end":{"line":37,"column":5}},"14":{"start":{"line":26,"column":17},"end":{"line":26,"column":43}},"15":{"start":{"line":27,"column":24},"end":{"line":30,"column":9}},"16":{"start":{"line":31,"column":25},"end":{"line":31,"column":83}},"17":{"start":{"line":32,"column":21},"end":{"line":32,"column":42}},"18":{"start":{"line":33,"column":8},"end":{"line":33,"column":46}},"19":{"start":{"line":33,"column":23},"end":{"line":33,"column":44}},"20":{"start":{"line":34,"column":8},"end":{"line":34,"column":27}},"21":{"start":{"line":36,"column":8},"end":{"line":36,"column":26}},"22":{"start":{"line":41,"column":4},"end":{"line":41,"column":28}},"23":{"start":{"line":42,"column":21},"end":{"line":42,"column":46}},"24":{"start":{"line":43,"column":4},"end":{"line":43,"column":19}},"25":{"start":{"line":44,"column":4},"end":{"line":57,"column":5}},"26":{"start":{"line":45,"column":8},"end":{"line":45,"column":30}},"27":{"start":{"line":46,"column":24},"end":{"line":49,"column":9}},"28":{"start":{"line":50,"column":25},"end":{"line":50,"column":89}},"29":{"start":{"line":51,"column":21},"end":{"line":51,"column":42}},"30":{"start":{"line":52,"column":8},"end":{"line":52,"column":26}},"31":{"start":{"line":53,"column":8},"end":{"line":53,"column":46}},"32":{"start":{"line":53,"column":23},"end":{"line":53,"column":44}},"33":{"start":{"line":54,"column":8},"end":{"line":54,"column":27}},"34":{"start":{"line":56,"column":8},"end":{"line":56,"column":26}},"35":{"start":{"line":60,"column":0},"end":{"line":60,"column":64}}},"fnMap":{"0":{"name":"postHabit","decl":{"start":{"line":3,"column":15},"end":{"line":3,"column":24}},"loc":{"start":{"line":3,"column":27},"end":{"line":21,"column":1}},"line":3},"1":{"name":"getAllHabbits","decl":{"start":{"line":24,"column":15},"end":{"line":24,"column":28}},"loc":{"start":{"line":24,"column":30},"end":{"line":38,"column":1}},"line":24},"2":{"name":"updateHabitClient","decl":{"start":{"line":40,"column":15},"end":{"line":40,"column":32}},"loc":{"start":{"line":40,"column":36},"end":{"line":58,"column":3}},"line":40}},"branchMap":{"0":{"loc":{"start":{"line":16,"column":8},"end":{"line":16,"column":46}},"type":"if","locations":[{"start":{"line":16,"column":8},"end":{"line":16,"column":46}},{"start":{"line":16,"column":8},"end":{"line":16,"column":46}}],"line":16},"1":{"loc":{"start":{"line":33,"column":8},"end":{"line":33,"column":46}},"type":"if","locations":[{"start":{"line":33,"column":8},"end":{"line":33,"column":46}},{"start":{"line":33,"column":8},"end":{"line":33,"column":46}}],"line":33},"2":{"loc":{"start":{"line":53,"column":8},"end":{"line":53,"column":46}},"type":"if","locations":[{"start":{"line":53,"column":8},"end":{"line":53,"column":46}},{"start":{"line":53,"column":8},"end":{"line":53,"column":46}}],"line":53}},"s":{"0":1,"1":0,"2":0,"3":0,"4":0,"5":0,"6":0,"7":0,"8":0,"9":0,"10":0,"11":0,"12":0,"13":0,"14":0,"15":0,"16":0,"17":0,"18":0,"19":0,"20":0,"21":0,"22":0,"23":0,"24":0,"25":0,"26":0,"27":0,"28":0,"29":0,"30":0,"31":0,"32":0,"33":0,"34":0,"35":1},"f":{"0":0,"1":0,"2":0},"b":{"0":[0,0],"1":[0,0],"2":[0,0]},"_coverageSchema":"1a1c01bbd47fc00a2c39e90264f33305004495a9","hash":"9fe6accc96116089a475108aacbf78a4aaa136d1"}
}
