TN:
SF:js/auth.js
FN:4,requestLogin
FN:23,requestRegistration
FN:41,login
FN:56,logout
FN:60,currentUser
FNF:5
FNH:5
FNDA:3,requestLogin
FNDA:2,requestRegistration
FNDA:1,login
FNDA:1,logout
FNDA:1,currentUser
DA:1,1
DA:2,1
DA:5,3
DA:7,3
DA:8,3
DA:9,3
DA:14,3
DA:15,2
DA:16,1
DA:17,1
DA:19,3
DA:24,2
DA:25,2
DA:26,2
DA:27,2
DA:32,2
DA:33,1
DA:34,1
DA:35,1
DA:37,1
DA:42,1
DA:43,0
DA:44,0
DA:45,0
DA:47,0
DA:48,0
DA:49,0
DA:50,0
DA:51,0
DA:53,0
DA:57,1
DA:61,1
DA:62,1
DA:65,1
LF:34
LH:25
BRDA:16,0,0,0
BRDA:16,0,1,1
BRDA:34,1,0,0
BRDA:34,1,1,1
BRF:4
BRH:2
end_of_record
TN:
SF:js/habits.js
FN:3,renderHabits
FN:17,(anonymous_1)
FN:67,updateStreak
FNF:3
FNH:0
FNDA:0,renderHabits
FNDA:0,(anonymous_1)
FNDA:0,updateStreak
DA:1,1
DA:4,0
DA:5,0
DA:6,0
DA:17,0
DA:18,0
DA:19,0
DA:20,0
DA:21,0
DA:22,0
DA:23,0
DA:24,0
DA:25,0
DA:26,0
DA:27,0
DA:28,0
DA:29,0
DA:30,0
DA:31,0
DA:32,0
DA:33,0
DA:34,0
DA:35,0
DA:36,0
DA:38,0
DA:39,0
DA:40,0
DA:41,0
DA:42,0
DA:43,0
DA:44,0
DA:46,0
DA:49,0
DA:51,0
DA:52,0
DA:53,0
DA:54,0
DA:55,0
DA:56,0
DA:57,0
DA:59,0
DA:62,0
DA:63,0
DA:68,0
DA:69,0
DA:70,0
DA:71,0
DA:72,0
DA:73,0
DA:74,0
DA:75,0
DA:76,0
DA:77,0
DA:80,1
LF:54
LH:2
BRDA:43,0,0,0
BRDA:43,0,1,0
BRDA:43,1,0,0
BRDA:43,1,1,0
BRF:4
BRH:0
end_of_record
TN:
SF:js/requests.js
FN:3,postHabit
FN:24,getAllHabbits
FN:40,updateHabitClient
FNF:3
FNH:0
FNDA:0,postHabit
FNDA:0,getAllHabbits
FNDA:0,updateHabitClient
DA:1,1
DA:4,0
DA:5,0
DA:6,0
DA:7,0
DA:8,0
DA:9,0
DA:14,0
DA:15,0
DA:16,0
DA:17,0
DA:19,0
DA:25,0
DA:26,0
DA:27,0
DA:31,0
DA:32,0
DA:33,0
DA:34,0
DA:36,0
DA:41,0
DA:42,0
DA:43,0
DA:44,0
DA:45,0
DA:46,0
DA:50,0
DA:51,0
DA:52,0
DA:53,0
DA:54,0
DA:56,0
DA:60,1
LF:33
LH:2
BRDA:16,0,0,0
BRDA:16,0,1,0
BRDA:33,1,0,0
BRDA:33,1,1,0
BRDA:53,2,0,0
BRDA:53,2,1,0
BRF:6
BRH:0
end_of_record
